2022-01-28 15:37:34,226 :INFO :TestHomePage :×
Success! The Form has been submitted successfully!.
2022-01-28 15:37:34,672 :INFO :TestHomePage :×
Success! The Form has been submitted successfully!.
2022-01-28 15:53:44,801 :INFO :TestHomePage :×
Success! The Form has been submitted successfully!.
2022-01-28 15:53:44,801 :ERROR :TestHomePage :exeception occured :assert 'Success123123123' in '×\nSuccess! The Form has been submitted successfully!.'
2022-01-28 15:53:45,858 :INFO :TestHomePage :×
Success! The Form has been submitted successfully!.
2022-01-28 15:53:45,858 :ERROR :TestHomePage :exeception occured :assert 'Success123123123' in '×\nSuccess! The Form has been submitted successfully!.'
2022-01-28 15:58:12,796 :INFO :TestHomePage :×
Success! The Form has been submitted successfully!.
2022-01-28 15:58:12,796 :ERROR :TestHomePage :exeception occured :assert 'Success123123123' in '×\nSuccess! The Form has been submitted successfully!.'
2022-01-28 15:58:13,308 :INFO :TestHomePage :×
Success! The Form has been submitted successfully!.
2022-01-28 15:58:13,308 :ERROR :TestHomePage :exeception occured :assert 'Success123123123' in '×\nSuccess! The Form has been submitted successfully!.'
2022-01-28 16:01:54,623 :INFO :TestHomePage :×
Success! The Form has been submitted successfully!.
2022-01-28 16:01:54,623 :ERROR :TestHomePage :exeception occured :assert 'Success123123123' in '×\nSuccess! The Form has been submitted successfully!.'
2022-01-28 16:01:55,272 :INFO :TestHomePage :×
Success! The Form has been submitted successfully!.
2022-01-28 16:01:55,272 :ERROR :TestHomePage :exeception occured :assert 'Success123123123' in '×\nSuccess! The Form has been submitted successfully!.'
2022-01-28 16:02:48,551 :INFO :TestHomePage :×
Success! The Form has been submitted successfully!.
2022-01-28 16:02:48,551 :ERROR :TestHomePage :exeception occured :assert 'Success123123123' in '×\nSuccess! The Form has been submitted successfully!.'
2022-01-28 16:02:49,335 :INFO :TestHomePage :×
Success! The Form has been submitted successfully!.
2022-01-28 16:02:49,335 :ERROR :TestHomePage :exeception occured :assert 'Success123123123' in '×\nSuccess! The Form has been submitted successfully!.'
2022-01-28 16:16:00,129 :INFO :TestHomePage :×
Success! The Form has been submitted successfully!.
2022-01-28 16:16:00,129 :ERROR :TestHomePage :exeception occured :assert 'Success123123123' in '×\nSuccess! The Form has been submitted successfully!.'
2022-01-28 16:16:01,036 :INFO :TestHomePage :×
Success! The Form has been submitted successfully!.
2022-01-28 16:16:01,036 :ERROR :TestHomePage :exeception occured :assert 'Success123123123' in '×\nSuccess! The Form has been submitted successfully!.'
2022-01-28 16:35:46,847 :INFO :TestHomePage :×
Success! The Form has been submitted successfully!.
2022-01-28 16:35:46,848 :ERROR :TestHomePage :exeception occured :assert 'Success123123123' in '×\nSuccess! The Form has been submitted successfully!.'
2022-01-28 16:35:51,649 :INFO :TestHomePage :×
Success! The Form has been submitted successfully!.
2022-01-28 16:35:51,650 :ERROR :TestHomePage :exeception occured :assert 'Success123123123' in '×\nSuccess! The Form has been submitted successfully!.'
2022-01-28 16:43:50,406 :INFO :TestHomePage :×
Success! The Form has been submitted successfully!.
2022-01-28 16:43:50,406 :ERROR :TestHomePage :exeception occured :assert 'Success123123123' in '×\nSuccess! The Form has been submitted successfully!.'
2022-01-28 16:43:51,068 :INFO :TestHomePage :×
Success! The Form has been submitted successfully!.
2022-01-28 16:43:51,069 :ERROR :TestHomePage :exeception occured :assert 'Success123123123' in '×\nSuccess! The Form has been submitted successfully!.'
2022-01-28 16:56:00,630 :INFO :TestHomePage :C:\Users\Muhammad Aatif\PycharmProjects\seleniumPython
2022-01-28 16:56:02,593 :INFO :TestHomePage :×
Success! The Form has been submitted successfully!.
2022-01-28 16:56:02,593 :ERROR :TestHomePage :exeception occured :assert 'Success123123123' in '×\nSuccess! The Form has been submitted successfully!.'
2022-01-28 16:56:02,827 :INFO :TestHomePage :C:\Users\Muhammad Aatif\PycharmProjects\seleniumPython
2022-01-28 16:56:03,269 :INFO :TestHomePage :×
Success! The Form has been submitted successfully!.
2022-01-28 16:56:03,270 :ERROR :TestHomePage :exeception occured :assert 'Success123123123' in '×\nSuccess! The Form has been submitted successfully!.'
2022-01-28 17:09:04,762 :INFO :TestHomePage :C:\Users\Muhammad Aatif\PycharmProjects\seleniumPython
2022-01-28 17:09:18,842 :INFO :TestHomePage :×
Success! The Form has been submitted successfully!.
2022-01-28 17:09:18,842 :ERROR :TestHomePage :exeception occured :assert 'Success123123123' in '×\nSuccess! The Form has been submitted successfully!.'
2022-01-28 17:09:19,094 :INFO :TestHomePage :C:\Users\Muhammad Aatif\PycharmProjects\seleniumPython
2022-01-28 17:09:19,637 :INFO :TestHomePage :×
Success! The Form has been submitted successfully!.
2022-01-28 17:09:19,637 :ERROR :TestHomePage :exeception occured :assert 'Success123123123' in '×\nSuccess! The Form has been submitted successfully!.'
2022-01-28 17:23:16,945 :INFO :TestHomePage :D:\seleniumPython
2022-01-28 17:23:35,367 :INFO :TestHomePage :×
Success! The Form has been submitted successfully!.
2022-01-28 17:23:35,367 :ERROR :TestHomePage :exeception occured :assert 'Success123123123' in '×\nSuccess! The Form has been submitted successfully!.'
2022-01-28 17:23:35,651 :INFO :TestHomePage :D:\seleniumPython
2022-01-28 17:23:36,261 :INFO :TestHomePage :×
Success! The Form has been submitted successfully!.
2022-01-28 17:23:36,261 :ERROR :TestHomePage :exeception occured :assert 'Success123123123' in '×\nSuccess! The Form has been submitted successfully!.'
2022-01-28 17:25:37,069 :INFO :TestHomePage :D:\seleniumPython
2022-01-28 17:25:43,391 :INFO :TestHomePage :×
Success! The Form has been submitted successfully!.
2022-01-28 17:25:43,391 :ERROR :TestHomePage :exeception occured :assert 'Success123123123' in '×\nSuccess! The Form has been submitted successfully!.'
2022-01-28 17:25:43,622 :INFO :TestHomePage :D:\seleniumPython
2022-01-28 17:25:44,124 :INFO :TestHomePage :×
Success! The Form has been submitted successfully!.
2022-01-28 17:25:44,124 :ERROR :TestHomePage :exeception occured :assert 'Success123123123' in '×\nSuccess! The Form has been submitted successfully!.'
2022-01-28 17:32:36,940 :INFO :TestHomePage :D:\seleniumPython
2022-01-28 17:32:41,919 :INFO :TestHomePage :×
Success! The Form has been submitted successfully!.
2022-01-28 17:32:41,919 :ERROR :TestHomePage :exeception occured :assert 'Success123123123' in '×\nSuccess! The Form has been submitted successfully!.'
2022-01-28 17:32:42,157 :INFO :TestHomePage :D:\seleniumPython
2022-01-28 17:32:42,700 :INFO :TestHomePage :×
Success! The Form has been submitted successfully!.
2022-01-28 17:32:42,700 :ERROR :TestHomePage :exeception occured :assert 'Success123123123' in '×\nSuccess! The Form has been submitted successfully!.'
